INFO 2017/10/10 13:12:33 [main][org.springframework.context.annotation.AnnotationConfigApplicationContext.prepareRefresh] - Refreshing org.springframework.context.annotation.AnnotationConfigApplicationContext@74960bfa: startup date [Tue Oct 10 13:12:33 CST 2017]; root of context hierarchy
INFO 2017/10/10 13:12:33 [background-preinit][org.hibernate.validator.internal.util.Version.<clinit>] - HV000001: Hibernate Validator 5.2.4.Final
INFO 2017/10/10 13:12:33 [main][org.springframework.context.support.PostProcessorRegistrationDelegate$BeanPostProcessorChecker.postProcessAfterInitialization] - Bean 'configurationPropertiesRebinderAutoConfiguration' of type [org.springframework.cloud.autoconfigure.ConfigurationPropertiesRebinderAutoConfiguration$$EnhancerBySpringCGLIB$$7b3b57be] is not eligible for getting processed by all BeanPostProcessors (for example: not eligible for auto-proxying)
INFO 2017/10/10 13:12:34 [main][org.springframework.cloud.config.client.ConfigServicePropertySourceLocator.locate] - Fetching config from server at: http://localhost:8888
WARN 2017/10/10 13:12:35 [main][org.springframework.cloud.config.client.ConfigServicePropertySourceLocator.locate] - Could not locate PropertySource: I/O error on GET request for "http://localhost:8888/application/default": Connection refused: connect; nested exception is java.net.ConnectException: Connection refused: connect
INFO 2017/10/10 13:12:35 [main][com.yxd.App.logStartupProfileInfo] - The following profiles are active: dev
INFO 2017/10/10 13:12:35 [main][org.springframework.boot.context.embedded.AnnotationConfigEmbeddedWebApplicationContext.prepareRefresh] - Refreshing org.springframework.boot.context.embedded.AnnotationConfigEmbeddedWebApplicationContext@21325036: startup date [Tue Oct 10 13:12:35 CST 2017]; parent: org.springframework.context.annotation.AnnotationConfigApplicationContext@74960bfa
WARN 2017/10/10 13:12:36 [main][org.mybatis.spring.mapper.ClassPathMapperScanner.doScan] - No MyBatis mapper was found in '[com.yxd.mapper]' package. Please check your configuration.
WARN 2017/10/10 13:12:36 [main][org.mybatis.spring.mapper.ClassPathMapperScanner.doScan] - No MyBatis mapper was found in '[com.yxd]' package. Please check your configuration.
INFO 2017/10/10 13:12:37 [main][org.springframework.cloud.context.scope.GenericScope.setSerializationId] - BeanFactory id=6005a38a-b43a-3ee5-88a0-4b3d5325cc7e
INFO 2017/10/10 13:12:37 [main][org.springframework.context.support.PostProcessorRegistrationDelegate$BeanPostProcessorChecker.postProcessAfterInitialization] - Bean 'org.springframework.amqp.rabbit.annotation.RabbitBootstrapConfiguration' of type [org.springframework.amqp.rabbit.annotation.RabbitBootstrapConfiguration$$EnhancerBySpringCGLIB$$258d12ef] is not eligible for getting processed by all BeanPostProcessors (for example: not eligible for auto-proxying)
INFO 2017/10/10 13:12:37 [main][org.springframework.context.support.PostProcessorRegistrationDelegate$BeanPostProcessorChecker.postProcessAfterInitialization] - Bean 'org.springframework.transaction.annotation.ProxyTransactionManagementConfiguration' of type [org.springframework.transaction.annotation.ProxyTransactionManagementConfiguration$$EnhancerBySpringCGLIB$$5f2154c1] is not eligible for getting processed by all BeanPostProcessors (for example: not eligible for auto-proxying)
INFO 2017/10/10 13:12:37 [main][org.springframework.context.support.PostProcessorRegistrationDelegate$BeanPostProcessorChecker.postProcessAfterInitialization] - Bean 'org.springframework.cloud.autoconfigure.ConfigurationPropertiesRebinderAutoConfiguration' of type [org.springframework.cloud.autoconfigure.ConfigurationPropertiesRebinderAutoConfiguration$$EnhancerBySpringCGLIB$$7b3b57be] is not eligible for getting processed by all BeanPostProcessors (for example: not eligible for auto-proxying)
INFO 2017/10/10 13:12:37 [main][org.springframework.boot.context.embedded.tomcat.TomcatEmbeddedServletContainer.initialize] - Tomcat initialized with port(s): 8088 (http)
INFO 2017/10/10 13:12:37 [main][org.apache.catalina.core.StandardService.log] - Starting service [Tomcat]
INFO 2017/10/10 13:12:37 [main][org.apache.catalina.core.StandardEngine.log] - Starting Servlet Engine: Apache Tomcat/8.5.20
INFO 2017/10/10 13:12:38 [localhost-startStop-1][org.apache.jasper.servlet.TldScanner.log] - At least one JAR was scanned for TLDs yet contained no TLDs. Enable debug logging for this logger for a complete list of JARs that were scanned but no TLDs were found in them. Skipping unneeded JARs during scanning can improve startup time and JSP compilation time.
INFO 2017/10/10 13:12:38 [localhost-startStop-1][org.apache.catalina.core.ContainerBase.[Tomcat].[localhost].[/].log] - Initializing Spring embedded WebApplicationContext
INFO 2017/10/10 13:12:38 [localhost-startStop-1][org.springframework.web.context.ContextLoader.prepareEmbeddedWebApplicationContext] - Root WebApplicationContext: initialization completed in 2979 ms
INFO 2017/10/10 13:12:39 [localhost-startStop-1][org.springframework.boot.web.servlet.ServletRegistrationBean.onStartup] - Mapping servlet: 'dispatcherServlet' to [/]
INFO 2017/10/10 13:12:39 [localhost-startStop-1][org.springframework.boot.web.servlet.FilterRegistrationBean.configure] - Mapping filter: 'metricsFilter' to: [/*]
INFO 2017/10/10 13:12:39 [localhost-startStop-1][org.springframework.boot.web.servlet.FilterRegistrationBean.configure] - Mapping filter: 'characterEncodingFilter' to: [/*]
INFO 2017/10/10 13:12:39 [localhost-startStop-1][org.springframework.boot.web.servlet.FilterRegistrationBean.configure] - Mapping filter: 'hiddenHttpMethodFilter' to: [/*]
INFO 2017/10/10 13:12:39 [localhost-startStop-1][org.springframework.boot.web.servlet.FilterRegistrationBean.configure] - Mapping filter: 'httpPutFormContentFilter' to: [/*]
INFO 2017/10/10 13:12:39 [localhost-startStop-1][org.springframework.boot.web.servlet.FilterRegistrationBean.configure] - Mapping filter: 'requestContextFilter' to: [/*]
INFO 2017/10/10 13:12:39 [localhost-startStop-1][org.springframework.boot.web.servlet.FilterRegistrationBean.configure] - Mapping filter: 'webRequestLoggingFilter' to: [/*]
INFO 2017/10/10 13:12:39 [localhost-startStop-1][org.springframework.boot.web.servlet.FilterRegistrationBean.configure] - Mapping filter: 'applicationContextIdFilter' to: [/*]
INFO 2017/10/10 13:12:39 [main][org.springframework.web.servlet.mvc.method.annotation.RequestMappingHandlerAdapter.initControllerAdviceCache] - Looking for @ControllerAdvice: org.springframework.boot.context.embedded.AnnotationConfigEmbeddedWebApplicationContext@21325036: startup date [Tue Oct 10 13:12:35 CST 2017]; parent: org.springframework.context.annotation.AnnotationConfigApplicationContext@74960bfa
INFO 2017/10/10 13:12:39 [main][org.springframework.web.servlet.mvc.method.annotation.RequestMappingHandlerMapping.register] - Mapped "{[/loginAction/login]}" onto public org.springframework.web.servlet.ModelAndView com.yxd.controller.MyFirstSpringBootController.springBootLogin(java.util.Map<java.lang.String, java.lang.Object>)
INFO 2017/10/10 13:12:39 [main][org.springframework.web.servlet.mvc.method.annotation.RequestMappingHandlerMapping.register] - Mapped "{[/error]}" onto public org.springframework.http.ResponseEntity<java.util.Map<java.lang.String, java.lang.Object>> org.springframework.boot.autoconfigure.web.BasicErrorController.error(javax.servlet.http.HttpServletRequest)
INFO 2017/10/10 13:12:39 [main][org.springframework.web.servlet.mvc.method.annotation.RequestMappingHandlerMapping.register] - Mapped "{[/error],produces=[text/html]}" onto public org.springframework.web.servlet.ModelAndView org.springframework.boot.autoconfigure.web.BasicErrorController.errorHtml(javax.servlet.http.HttpServletRequest,javax.servlet.http.HttpServletResponse)
INFO 2017/10/10 13:12:40 [main][org.springframework.web.servlet.handler.SimpleUrlHandlerMapping.registerHandler] - Mapped URL path [/webjars/**] onto handler of type [class org.springframework.web.servlet.resource.ResourceHttpRequestHandler]
INFO 2017/10/10 13:12:40 [main][org.springframework.web.servlet.handler.SimpleUrlHandlerMapping.registerHandler] - Mapped URL path [/**] onto handler of type [class org.springframework.web.servlet.resource.ResourceHttpRequestHandler]
INFO 2017/10/10 13:12:40 [main][org.springframework.web.servlet.handler.SimpleUrlHandlerMapping.registerHandler] - Mapped URL path [/**/favicon.ico] onto handler of type [class org.springframework.web.servlet.resource.ResourceHttpRequestHandler]
INFO 2017/10/10 13:12:42 [main][org.springframework.boot.actuate.endpoint.mvc.EndpointHandlerMapping.register] - Mapped "{[/env/{name:.*}],methods=[GET],produces=[application/json]}" onto public java.lang.Object org.springframework.boot.actuate.endpoint.mvc.EnvironmentMvcEndpoint.value(java.lang.String)
INFO 2017/10/10 13:12:42 [main][org.springframework.boot.actuate.endpoint.mvc.EndpointHandlerMapping.register] - Mapped "{[/env || /env.json],methods=[GET],produces=[application/json]}" onto public java.lang.Object org.springframework.boot.actuate.endpoint.mvc.EndpointMvcAdapter.invoke()
INFO 2017/10/10 13:12:42 [main][org.springframework.boot.actuate.endpoint.mvc.EndpointHandlerMapping.register] - Mapped "{[/mappings || /mappings.json],methods=[GET],produces=[application/json]}" onto public java.lang.Object org.springframework.boot.actuate.endpoint.mvc.EndpointMvcAdapter.invoke()
INFO 2017/10/10 13:12:42 [main][org.springframework.boot.actuate.endpoint.mvc.EndpointHandlerMapping.register] - Mapped "{[/configprops || /configprops.json],methods=[GET],produces=[application/json]}" onto public java.lang.Object org.springframework.boot.actuate.endpoint.mvc.EndpointMvcAdapter.invoke()
INFO 2017/10/10 13:12:42 [main][org.springframework.boot.actuate.endpoint.mvc.EndpointHandlerMapping.register] - Mapped "{[/resume || /resume.json],methods=[POST]}" onto public java.lang.Object org.springframework.cloud.endpoint.GenericPostableMvcEndpoint.invoke()
INFO 2017/10/10 13:12:42 [main][org.springframework.boot.actuate.endpoint.mvc.EndpointHandlerMapping.register] - Mapped "{[/restart || /restart.json],methods=[POST]}" onto public java.lang.Object org.springframework.cloud.context.restart.RestartMvcEndpoint.invoke()
INFO 2017/10/10 13:12:42 [main][org.springframework.boot.actuate.endpoint.mvc.EndpointHandlerMapping.register] - Mapped "{[/beans || /beans.json],methods=[GET],produces=[application/json]}" onto public java.lang.Object org.springframework.boot.actuate.endpoint.mvc.EndpointMvcAdapter.invoke()
INFO 2017/10/10 13:12:42 [main][org.springframework.boot.actuate.endpoint.mvc.EndpointHandlerMapping.register] - Mapped "{[/heapdump || /heapdump.json],methods=[GET],produces=[application/octet-stream]}" onto public void org.springframework.boot.actuate.endpoint.mvc.HeapdumpMvcEndpoint.invoke(boolean,javax.servlet.http.HttpServletRequest,javax.servlet.http.HttpServletResponse) throws java.io.IOException,javax.servlet.ServletException
INFO 2017/10/10 13:12:42 [main][org.springframework.boot.actuate.endpoint.mvc.EndpointHandlerMapping.register] - Mapped "{[/refresh || /refresh.json],methods=[POST]}" onto public java.lang.Object org.springframework.cloud.endpoint.GenericPostableMvcEndpoint.invoke()
INFO 2017/10/10 13:12:42 [main][org.springframework.boot.actuate.endpoint.mvc.EndpointHandlerMapping.register] - Mapped "{[/pause || /pause.json],methods=[POST]}" onto public java.lang.Object org.springframework.cloud.endpoint.GenericPostableMvcEndpoint.invoke()
INFO 2017/10/10 13:12:42 [main][org.springframework.boot.actuate.endpoint.mvc.EndpointHandlerMapping.register] - Mapped "{[/metrics/{name:.*}],methods=[GET],produces=[application/json]}" onto public java.lang.Object org.springframework.boot.actuate.endpoint.mvc.MetricsMvcEndpoint.value(java.lang.String)
INFO 2017/10/10 13:12:42 [main][org.springframework.boot.actuate.endpoint.mvc.EndpointHandlerMapping.register] - Mapped "{[/metrics || /metrics.json],methods=[GET],produces=[application/json]}" onto public java.lang.Object org.springframework.boot.actuate.endpoint.mvc.EndpointMvcAdapter.invoke()
INFO 2017/10/10 13:12:42 [main][org.springframework.boot.actuate.endpoint.mvc.EndpointHandlerMapping.register] - Mapped "{[/info || /info.json],methods=[GET],produces=[application/json]}" onto public java.lang.Object org.springframework.boot.actuate.endpoint.mvc.EndpointMvcAdapter.invoke()
INFO 2017/10/10 13:12:42 [main][org.springframework.boot.actuate.endpoint.mvc.EndpointHandlerMapping.register] - Mapped "{[/autoconfig || /autoconfig.json],methods=[GET],produces=[application/json]}" onto public java.lang.Object org.springframework.boot.actuate.endpoint.mvc.EndpointMvcAdapter.invoke()
INFO 2017/10/10 13:12:42 [main][org.springframework.boot.actuate.endpoint.mvc.EndpointHandlerMapping.register] - Mapped "{[/trace || /trace.json],methods=[GET],produces=[application/json]}" onto public java.lang.Object org.springframework.boot.actuate.endpoint.mvc.EndpointMvcAdapter.invoke()
INFO 2017/10/10 13:12:42 [main][org.springframework.boot.actuate.endpoint.mvc.EndpointHandlerMapping.register] - Mapped "{[/dump || /dump.json],methods=[GET],produces=[application/json]}" onto public java.lang.Object org.springframework.boot.actuate.endpoint.mvc.EndpointMvcAdapter.invoke()
INFO 2017/10/10 13:12:42 [main][org.springframework.boot.actuate.endpoint.mvc.EndpointHandlerMapping.register] - Mapped "{[/health || /health.json],produces=[application/json]}" onto public java.lang.Object org.springframework.boot.actuate.endpoint.mvc.HealthMvcEndpoint.invoke(java.security.Principal)
INFO 2017/10/10 13:12:42 [main][org.springframework.boot.actuate.endpoint.mvc.EndpointHandlerMapping.register] - Mapped "{[/env],methods=[POST]}" onto public java.lang.Object org.springframework.cloud.context.environment.EnvironmentManagerMvcEndpoint.value(java.util.Map<java.lang.String, java.lang.String>)
INFO 2017/10/10 13:12:42 [main][org.springframework.boot.actuate.endpoint.mvc.EndpointHandlerMapping.register] - Mapped "{[/env/reset],methods=[POST]}" onto public java.util.Map<java.lang.String, java.lang.Object> org.springframework.cloud.context.environment.EnvironmentManagerMvcEndpoint.reset()
INFO 2017/10/10 13:12:42 [main][org.springframework.jmx.export.annotation.AnnotationMBeanExporter.afterSingletonsInstantiated] - Registering beans for JMX exposure on startup
INFO 2017/10/10 13:12:42 [main][org.springframework.jmx.export.annotation.AnnotationMBeanExporter.autodetect] - Bean with name 'rabbitConnectionFactory' has been autodetected for JMX exposure
INFO 2017/10/10 13:12:42 [main][org.springframework.jmx.export.annotation.AnnotationMBeanExporter.autodetect] - Bean with name 'configurationPropertiesRebinder' has been autodetected for JMX exposure
INFO 2017/10/10 13:12:42 [main][org.springframework.jmx.export.annotation.AnnotationMBeanExporter.autodetect] - Bean with name 'refreshEndpoint' has been autodetected for JMX exposure
INFO 2017/10/10 13:12:42 [main][org.springframework.jmx.export.annotation.AnnotationMBeanExporter.autodetect] - Bean with name 'restartEndpoint' has been autodetected for JMX exposure
INFO 2017/10/10 13:12:42 [main][org.springframework.jmx.export.annotation.AnnotationMBeanExporter.autodetect] - Bean with name 'environmentManager' has been autodetected for JMX exposure
INFO 2017/10/10 13:12:42 [main][org.springframework.jmx.export.annotation.AnnotationMBeanExporter.autodetect] - Bean with name 'refreshScope' has been autodetected for JMX exposure
INFO 2017/10/10 13:12:42 [main][org.springframework.jmx.export.annotation.AnnotationMBeanExporter.registerBeanInstance] - Located managed bean 'environmentManager': registering with JMX server as MBean [org.springframework.cloud.context.environment:name=environmentManager,type=EnvironmentManager]
INFO 2017/10/10 13:12:42 [main][org.springframework.jmx.export.annotation.AnnotationMBeanExporter.registerBeanInstance] - Located managed bean 'restartEndpoint': registering with JMX server as MBean [org.springframework.cloud.context.restart:name=restartEndpoint,type=RestartEndpoint]
INFO 2017/10/10 13:12:42 [main][org.springframework.jmx.export.annotation.AnnotationMBeanExporter.registerBeanInstance] - Located managed bean 'refreshScope': registering with JMX server as MBean [org.springframework.cloud.context.scope.refresh:name=refreshScope,type=RefreshScope]
INFO 2017/10/10 13:12:42 [main][org.springframework.jmx.export.annotation.AnnotationMBeanExporter.registerBeanInstance] - Located managed bean 'configurationPropertiesRebinder': registering with JMX server as MBean [org.springframework.cloud.context.properties:name=configurationPropertiesRebinder,context=21325036,type=ConfigurationPropertiesRebinder]
INFO 2017/10/10 13:12:42 [main][org.springframework.jmx.export.annotation.AnnotationMBeanExporter.registerBeanInstance] - Located managed bean 'rabbitConnectionFactory': registering with JMX server as MBean [org.springframework.amqp.rabbit.connection:name=rabbitConnectionFactory,type=CachingConnectionFactory]
INFO 2017/10/10 13:12:42 [main][org.springframework.jmx.export.annotation.AnnotationMBeanExporter.registerBeanInstance] - Located managed bean 'refreshEndpoint': registering with JMX server as MBean [org.springframework.cloud.endpoint:name=refreshEndpoint,type=RefreshEndpoint]
INFO 2017/10/10 13:12:42 [main][org.springframework.boot.actuate.endpoint.jmx.EndpointMBeanExporter.afterSingletonsInstantiated] - Registering beans for JMX exposure on startup
INFO 2017/10/10 13:12:43 [main][org.springframework.context.support.DefaultLifecycleProcessor.start] - Starting beans in phase -2147482648
INFO 2017/10/10 13:12:43 [main][org.springframework.context.support.DefaultLifecycleProcessor.start] - Starting beans in phase 0
INFO 2017/10/10 13:12:43 [main][org.springframework.boot.actuate.endpoint.jmx.EndpointMBeanExporter.registerBeanInstance] - Located managed bean 'requestMappingEndpoint': registering with JMX server as MBean [org.springframework.boot:type=Endpoint,name=requestMappingEndpoint]
INFO 2017/10/10 13:12:43 [main][org.springframework.boot.actuate.endpoint.jmx.EndpointMBeanExporter.registerBeanInstance] - Located managed bean 'environmentEndpoint': registering with JMX server as MBean [org.springframework.boot:type=Endpoint,name=environmentEndpoint]
INFO 2017/10/10 13:12:43 [main][org.springframework.boot.actuate.endpoint.jmx.EndpointMBeanExporter.registerBeanInstance] - Located managed bean 'healthEndpoint': registering with JMX server as MBean [org.springframework.boot:type=Endpoint,name=healthEndpoint]
INFO 2017/10/10 13:12:43 [main][org.springframework.boot.actuate.endpoint.jmx.EndpointMBeanExporter.registerBeanInstance] - Located managed bean 'beansEndpoint': registering with JMX server as MBean [org.springframework.boot:type=Endpoint,name=beansEndpoint]
INFO 2017/10/10 13:12:43 [main][org.springframework.boot.actuate.endpoint.jmx.EndpointMBeanExporter.registerBeanInstance] - Located managed bean 'infoEndpoint': registering with JMX server as MBean [org.springframework.boot:type=Endpoint,name=infoEndpoint]
INFO 2017/10/10 13:12:43 [main][org.springframework.boot.actuate.endpoint.jmx.EndpointMBeanExporter.registerBeanInstance] - Located managed bean 'metricsEndpoint': registering with JMX server as MBean [org.springframework.boot:type=Endpoint,name=metricsEndpoint]
INFO 2017/10/10 13:12:43 [main][org.springframework.boot.actuate.endpoint.jmx.EndpointMBeanExporter.registerBeanInstance] - Located managed bean 'traceEndpoint': registering with JMX server as MBean [org.springframework.boot:type=Endpoint,name=traceEndpoint]
INFO 2017/10/10 13:12:43 [main][org.springframework.boot.actuate.endpoint.jmx.EndpointMBeanExporter.registerBeanInstance] - Located managed bean 'dumpEndpoint': registering with JMX server as MBean [org.springframework.boot:type=Endpoint,name=dumpEndpoint]
INFO 2017/10/10 13:12:43 [main][org.springframework.boot.actuate.endpoint.jmx.EndpointMBeanExporter.registerBeanInstance] - Located managed bean 'autoConfigurationReportEndpoint': registering with JMX server as MBean [org.springframework.boot:type=Endpoint,name=autoConfigurationReportEndpoint]
INFO 2017/10/10 13:12:43 [main][org.springframework.boot.actuate.endpoint.jmx.EndpointMBeanExporter.registerBeanInstance] - Located managed bean 'configurationPropertiesReportEndpoint': registering with JMX server as MBean [org.springframework.boot:type=Endpoint,name=configurationPropertiesReportEndpoint]
INFO 2017/10/10 13:12:43 [main][org.springframework.context.support.DefaultLifecycleProcessor.start] - Starting beans in phase 2147483647
INFO 2017/10/10 13:12:43 [main][org.apache.coyote.http11.Http11NioProtocol.log] - Initializing ProtocolHandler ["http-nio-8088"]
INFO 2017/10/10 13:12:43 [main][org.apache.coyote.http11.Http11NioProtocol.log] - Starting ProtocolHandler ["http-nio-8088"]
INFO 2017/10/10 13:12:43 [main][org.apache.tomcat.util.net.NioSelectorPool.log] - Using a shared selector for servlet write/read
INFO 2017/10/10 13:12:43 [main][org.springframework.boot.context.embedded.tomcat.TomcatEmbeddedServletContainer.start] - Tomcat started on port(s): 8088 (http)
INFO 2017/10/10 13:12:43 [main][com.yxd.App.logStarted] - Started App in 11.783 seconds (JVM running for 12.434)
INFO 2017/10/10 13:12:43 [main][com.yxd.App.main] - *****************************************YangXiaoDongDemo*****************************************************
INFO 2017/10/10 13:12:53 [http-nio-8088-exec-5][org.apache.catalina.core.ContainerBase.[Tomcat].[localhost].[/].log] - Initializing Spring FrameworkServlet 'dispatcherServlet'
INFO 2017/10/10 13:12:53 [http-nio-8088-exec-5][org.springframework.web.servlet.DispatcherServlet.initServletBean] - FrameworkServlet 'dispatcherServlet': initialization started
INFO 2017/10/10 13:12:54 [http-nio-8088-exec-5][org.springframework.web.servlet.DispatcherServlet.initServletBean] - FrameworkServlet 'dispatcherServlet': initialization completed in 38 ms
INFO 2017/10/10 13:12:56 [http-nio-8088-exec-8][com.yxd.controller.MyFirstSpringBootController.springBootLogin] - param:{userName=, passWorld=}
INFO 2017/10/10 13:12:56 [http-nio-8088-exec-10][com.yxd.controller.MyFirstSpringBootController.springBootLogin] - param:{userName=, passWorld=}
INFO 2017/10/10 13:12:57 [http-nio-8088-exec-9][com.yxd.controller.MyFirstSpringBootController.springBootLogin] - param:{userName=, passWorld=}
